2021-05-22 11:23:28.001  INFO 8740 --- [restartedMain] c.e.e.EmployeeApplication                : Starting EmployeeApplication using Java 15.0.3 on DESKTOP-PSPH0JU with PID 8740 (E:\backup 11.05.21\desktop\new\Program_tester\SpringWorkspace\EmployeeApplication\target\classes started by Dell in E:\backup 11.05.21\desktop\new\Program_tester\SpringWorkspace\EmployeeApplication)
2021-05-22 11:23:28.048 DEBUG 8740 --- [restartedMain] c.e.e.EmployeeApplication                : Running with Spring Boot v2.4.5, Spring v5.3.6
2021-05-22 11:23:28.050  INFO 8740 --- [restartedMain] c.e.e.EmployeeApplication                : The following profiles are active: dev
2021-05-22 11:23:35.772  INFO 8740 --- [restartedMain] c.e.e.EmployeeApplication                : Started EmployeeApplication in 9.703 seconds (JVM running for 13.1)
2021-05-22 11:23:35.779  INFO 8740 --- [restartedMain] c.e.e.EmployeeApplication                : Eploye Payroll App Started in DEV Environment
2021-05-22 11:23:35.782  INFO 8740 --- [restartedMain] c.e.e.EmployeeApplication                : Eploye Payroll App Started in payrolluser Environment
2021-05-22 11:26:46.610  INFO 11856 --- [restartedMain] c.e.e.EmployeeApplication                : Starting EmployeeApplication using Java 15.0.3 on DESKTOP-PSPH0JU with PID 11856 (E:\backup 11.05.21\desktop\new\Program_tester\SpringWorkspace\EmployeeApplication\target\classes started by Dell in E:\backup 11.05.21\desktop\new\Program_tester\SpringWorkspace\EmployeeApplication)
2021-05-22 11:26:46.613 DEBUG 11856 --- [restartedMain] c.e.e.EmployeeApplication                : Running with Spring Boot v2.4.5, Spring v5.3.6
2021-05-22 11:26:46.613  INFO 11856 --- [restartedMain] c.e.e.EmployeeApplication                : The following profiles are active: dev
2021-05-22 11:26:48.277  INFO 11856 --- [restartedMain] c.e.e.EmployeeApplication                : Started EmployeeApplication in 2.269 seconds (JVM running for 3.788)
2021-05-22 11:26:48.281  INFO 11856 --- [restartedMain] c.e.e.EmployeeApplication                : Employee Payroll App Started in DEV Environment
2021-05-22 11:26:48.283  INFO 11856 --- [restartedMain] c.e.e.EmployeeApplication                : Employee Payroll App Database User is payrolluser
2021-05-22 12:21:45.421  INFO 8432 --- [restartedMain] c.e.e.EmployeeApplication                : Starting EmployeeApplication using Java 15.0.3 on DESKTOP-PSPH0JU with PID 8432 (E:\backup 11.05.21\desktop\new\Program_tester\SpringWorkspace\EmployeeApplication\target\classes started by Dell in E:\backup 11.05.21\desktop\new\Program_tester\SpringWorkspace\EmployeeApplication)
2021-05-22 12:21:45.426 DEBUG 8432 --- [restartedMain] c.e.e.EmployeeApplication                : Running with Spring Boot v2.4.5, Spring v5.3.6
2021-05-22 12:21:45.427  INFO 8432 --- [restartedMain] c.e.e.EmployeeApplication                : The following profiles are active: dev
2021-05-22 12:21:47.219  INFO 8432 --- [restartedMain] c.e.e.EmployeeApplication                : Started EmployeeApplication in 2.483 seconds (JVM running for 3.885)
2021-05-22 12:21:47.222  INFO 8432 --- [restartedMain] c.e.e.EmployeeApplication                : Employee Payroll App Started in DEV Environment
2021-05-22 12:21:47.223  INFO 8432 --- [restartedMain] c.e.e.EmployeeApplication                : Employee Payroll App Database User is payrolluser
2021-05-22 12:25:15.687  INFO 11776 --- [restartedMain] c.e.e.EmployeeApplication                : Starting EmployeeApplication using Java 15.0.3 on DESKTOP-PSPH0JU with PID 11776 (E:\backup 11.05.21\desktop\new\Program_tester\SpringWorkspace\EmployeeApplication\target\classes started by Dell in E:\backup 11.05.21\desktop\new\Program_tester\SpringWorkspace\EmployeeApplication)
2021-05-22 12:25:15.691 DEBUG 11776 --- [restartedMain] c.e.e.EmployeeApplication                : Running with Spring Boot v2.4.5, Spring v5.3.6
2021-05-22 12:25:15.692  INFO 11776 --- [restartedMain] c.e.e.EmployeeApplication                : The following profiles are active: dev
2021-05-22 12:25:18.852  INFO 11776 --- [restartedMain] c.e.e.EmployeeApplication                : Started EmployeeApplication in 3.782 seconds (JVM running for 5.627)
2021-05-22 12:25:18.858  INFO 11776 --- [restartedMain] c.e.e.EmployeeApplication                : Employee Payroll App Started in DEV Environment
2021-05-22 12:25:18.861  INFO 11776 --- [restartedMain] c.e.e.EmployeeApplication                : Employee Payroll App Database User is payrolluser
2021-05-22 12:27:52.949 DEBUG 11776 --- [http-nio-8080-exec-1] c.e.e.controller.EmployeeController      : Employee DTOEmployeePayRollDTO(name=Mark Taylor, salary=500000, gender=male, startDate=2019-10-29, note=All In One, picture=null, departments=null)
2021-05-22 12:28:07.183 DEBUG 11776 --- [http-nio-8080-exec-3] c.e.e.controller.EmployeeController      : Employee DTOEmployeePayRollDTO(name=Mark Taylor, salary=500000, gender=male, startDate=2019-10-29, note=All In One, picture=null, departments=[HR, Sales])
2021-05-22 12:29:26.797  WARN 11776 --- [http-nio-8080-exec-5] .w.s.m.s.DefaultHandlerExceptionResolver : Resolved [org.springframework.http.converter.HttpMessageNotReadableException: JSON parse error: Cannot deserialize value of type `java.time.LocalDate` from String "29 012 2019": Failed to deserialize java.time.LocalDate: (java.time.format.DateTimeParseException) Text '29 012 2019' could not be parsed at index 3; nested exception is com.fasterxml.jackson.databind.exc.InvalidFormatException: Cannot deserialize value of type `java.time.LocalDate` from String "29 012 2019": Failed to deserialize java.time.LocalDate: (java.time.format.DateTimeParseException) Text '29 012 2019' could not be parsed at index 3
 at [Source: (PushbackInputStream); line: 2, column: 65] (through reference chain: com.employee.employeeapplication.dto.EmployeePayRollDTO["startDate"])]
2021-05-22 12:29:47.126 DEBUG 11776 --- [http-nio-8080-exec-8] c.e.e.controller.EmployeeController      : Employee DTOEmployeePayRollDTO(name=Steve Farell, salary=6000000, gender=male, startDate=2019-11-29, note=All In One, picture=null, departments=[operations, engineering])
2021-05-22 12:31:37.074 DEBUG 11776 --- [http-nio-8080-exec-1] c.e.e.controller.EmployeeController      : Employee DTOEmployeePayRollDTO(name=Steve Farell, salary=6000000, gender=male, startDate=2019-11-29, note=All In One, picture=Ellipse -3.png, departments=[operations, engineering])
2021-05-22 20:27:00.608  INFO 5960 --- [restartedMain] c.e.e.EmployeeApplication                : Starting EmployeeApplication using Java 15.0.3 on DESKTOP-PSPH0JU with PID 5960 (E:\backup 11.05.21\desktop\new\Program_tester\SpringWorkspace\EmployeeApplication\target\classes started by Dell in E:\backup 11.05.21\desktop\new\Program_tester\SpringWorkspace\EmployeeApplication)
2021-05-22 20:27:00.611 DEBUG 5960 --- [restartedMain] c.e.e.EmployeeApplication                : Running with Spring Boot v2.4.5, Spring v5.3.6
2021-05-22 20:27:00.613  INFO 5960 --- [restartedMain] c.e.e.EmployeeApplication                : The following profiles are active: dev
2021-05-22 20:27:03.752  INFO 5960 --- [restartedMain] c.e.e.EmployeeApplication                : Started EmployeeApplication in 3.877 seconds (JVM running for 6.151)
2021-05-22 20:27:03.761  INFO 5960 --- [restartedMain] c.e.e.EmployeeApplication                : Employee Payroll App Started in DEV Environment
2021-05-22 20:27:03.765  INFO 5960 --- [restartedMain] c.e.e.EmployeeApplication                : Employee Payroll App Database User is payrolluser
2021-05-22 20:27:43.602 ERROR 5960 --- [http-nio-8080-exec-2] o.a.c.c.C.[.[.[/].[dispatcherServlet]    : Servlet.service() for servlet [dispatcherServlet] in context with path [] threw exception [Request processing failed; nested exception is javax.validation.UnexpectedTypeException: HV000030: No validator could be found for constraint 'javax.validation.constraints.NotBlank' validating type 'java.util.List<java.lang.String>'. Check configuration for 'departments'] with root cause

javax.validation.UnexpectedTypeException: HV000030: No validator could be found for constraint 'javax.validation.constraints.NotBlank' validating type 'java.util.List<java.lang.String>'. Check configuration for 'departments'
	at org.hibernate.validator.internal.engine.constraintvalidation.ConstraintTree.getExceptionForNullValidator(ConstraintTree.java:116) ~[hibernate-validator-6.1.7.Final.jar:6.1.7.Final]
	at org.hibernate.validator.internal.engine.constraintvalidation.ConstraintTree.getInitializedConstraintValidator(ConstraintTree.java:162) ~[hibernate-validator-6.1.7.Final.jar:6.1.7.Final]
	at org.hibernate.validator.internal.engine.constraintvalidation.SimpleConstraintTree.validateConstraints(SimpleConstraintTree.java:54) ~[hibernate-validator-6.1.7.Final.jar:6.1.7.Final]
	at org.hibernate.validator.internal.engine.constraintvalidation.ConstraintTree.validateConstraints(ConstraintTree.java:75) ~[hibernate-validator-6.1.7.Final.jar:6.1.7.Final]
	at org.hibernate.validator.internal.metadata.core.MetaConstraint.doValidateConstraint(MetaConstraint.java:130) ~[hibernate-validator-6.1.7.Final.jar:6.1.7.Final]
	at org.hibernate.validator.internal.metadata.core.MetaConstraint.validateConstraint(MetaConstraint.java:123) ~[hibernate-validator-6.1.7.Final.jar:6.1.7.Final]
	at org.hibernate.validator.internal.engine.ValidatorImpl.validateMetaConstraint(ValidatorImpl.java:555) ~[hibernate-validator-6.1.7.Final.jar:6.1.7.Final]
	at org.hibernate.validator.internal.engine.ValidatorImpl.validateConstraintsForSingleDefaultGroupElement(ValidatorImpl.java:518) ~[hibernate-validator-6.1.7.Final.jar:6.1.7.Final]
	at org.hibernate.validator.internal.engine.ValidatorImpl.validateConstraintsForDefaultGroup(ValidatorImpl.java:488) ~[hibernate-validator-6.1.7.Final.jar:6.1.7.Final]
	at org.hibernate.validator.internal.engine.ValidatorImpl.validateConstraintsForCurrentGroup(ValidatorImpl.java:450) ~[hibernate-validator-6.1.7.Final.jar:6.1.7.Final]
	at org.hibernate.validator.internal.engine.ValidatorImpl.validateInContext(ValidatorImpl.java:400) ~[hibernate-validator-6.1.7.Final.jar:6.1.7.Final]
	at org.hibernate.validator.internal.engine.ValidatorImpl.validate(ValidatorImpl.java:172) ~[hibernate-validator-6.1.7.Final.jar:6.1.7.Final]
	at org.springframework.validation.beanvalidation.SpringValidatorAdapter.validate(SpringValidatorAdapter.java:117) ~[spring-context-5.3.6.jar:5.3.6]
	at org.springframework.boot.autoconfigure.validation.ValidatorAdapter.validate(ValidatorAdapter.java:70) ~[spring-boot-autoconfigure-2.4.5.jar:2.4.5]
	at org.springframework.validation.DataBinder.validate(DataBinder.java:892) ~[spring-context-5.3.6.jar:5.3.6]
	at org.springframework.web.servlet.mvc.method.annotation.AbstractMessageConverterMethodArgumentResolver.validateIfApplicable(AbstractMessageConverterMethodArgumentResolver.java:248) ~[spring-webmvc-5.3.6.jar:5.3.6]
	at org.springframework.web.servlet.mvc.method.annotation.RequestResponseBodyMethodProcessor.resolveArgument(RequestResponseBodyMethodProcessor.java:137) ~[spring-webmvc-5.3.6.jar:5.3.6]
	at org.springframework.web.method.support.HandlerMethodArgumentResolverComposite.resolveArgument(HandlerMethodArgumentResolverComposite.java:121) ~[spring-web-5.3.6.jar:5.3.6]
	at org.springframework.web.method.support.InvocableHandlerMethod.getMethodArgumentValues(InvocableHandlerMethod.java:170) ~[spring-web-5.3.6.jar:5.3.6]
	at org.springframework.web.method.support.InvocableHandlerMethod.invokeForRequest(InvocableHandlerMethod.java:137) ~[spring-web-5.3.6.jar:5.3.6]
	at org.springframework.web.servlet.mvc.method.annotation.ServletInvocableHandlerMethod.invokeAndHandle(ServletInvocableHandlerMethod.java:106) ~[spring-webmvc-5.3.6.jar:5.3.6]
	at org.springframework.web.servlet.mvc.method.annotation.RequestMappingHandlerAdapter.invokeHandlerMethod(RequestMappingHandlerAdapter.java:894) ~[spring-webmvc-5.3.6.jar:5.3.6]
	at org.springframework.web.servlet.mvc.method.annotation.RequestMappingHandlerAdapter.handleInternal(RequestMappingHandlerAdapter.java:808) ~[spring-webmvc-5.3.6.jar:5.3.6]
	at org.springframework.web.servlet.mvc.method.AbstractHandlerMethodAdapter.handle(AbstractHandlerMethodAdapter.java:87) ~[spring-webmvc-5.3.6.jar:5.3.6]
	at org.springframework.web.servlet.DispatcherServlet.doDispatch(DispatcherServlet.java:1060) ~[spring-webmvc-5.3.6.jar:5.3.6]
	at org.springframework.web.servlet.DispatcherServlet.doService(DispatcherServlet.java:962) ~[spring-webmvc-5.3.6.jar:5.3.6]
	at org.springframework.web.servlet.FrameworkServlet.processRequest(FrameworkServlet.java:1006) ~[spring-webmvc-5.3.6.jar:5.3.6]
	at org.springframework.web.servlet.FrameworkServlet.doPost(FrameworkServlet.java:909) ~[spring-webmvc-5.3.6.jar:5.3.6]
	at javax.servlet.http.HttpServlet.service(HttpServlet.java:652) ~[tomcat-embed-core-9.0.45.jar:4.0.FR]
	at org.springframework.web.servlet.FrameworkServlet.service(FrameworkServlet.java:883) ~[spring-webmvc-5.3.6.jar:5.3.6]
	at javax.servlet.http.HttpServlet.service(HttpServlet.java:733) ~[tomcat-embed-core-9.0.45.jar:4.0.FR]
	at org.apache.catalina.core.ApplicationFilterChain.internalDoFilter(ApplicationFilterChain.java:227) ~[tomcat-embed-core-9.0.45.jar:9.0.45]
	at org.apache.catalina.core.ApplicationFilterChain.doFilter(ApplicationFilterChain.java:162) ~[tomcat-embed-core-9.0.45.jar:9.0.45]
	at org.apache.tomcat.websocket.server.WsFilter.doFilter(WsFilter.java:53) ~[tomcat-embed-websocket-9.0.45.jar:9.0.45]
	at org.apache.catalina.core.ApplicationFilterChain.internalDoFilter(ApplicationFilterChain.java:189) ~[tomcat-embed-core-9.0.45.jar:9.0.45]
	at org.apache.catalina.core.ApplicationFilterChain.doFilter(ApplicationFilterChain.java:162) ~[tomcat-embed-core-9.0.45.jar:9.0.45]
	at org.springframework.web.filter.RequestContextFilter.doFilterInternal(RequestContextFilter.java:100) ~[spring-web-5.3.6.jar:5.3.6]
	at org.springframework.web.filter.OncePerRequestFilter.doFilter(OncePerRequestFilter.java:119) ~[spring-web-5.3.6.jar:5.3.6]
	at org.apache.catalina.core.ApplicationFilterChain.internalDoFilter(ApplicationFilterChain.java:189) ~[tomcat-embed-core-9.0.45.jar:9.0.45]
	at org.apache.catalina.core.ApplicationFilterChain.doFilter(ApplicationFilterChain.java:162) ~[tomcat-embed-core-9.0.45.jar:9.0.45]
	at org.springframework.web.filter.FormContentFilter.doFilterInternal(FormContentFilter.java:93) ~[spring-web-5.3.6.jar:5.3.6]
	at org.springframework.web.filter.OncePerRequestFilter.doFilter(OncePerRequestFilter.java:119) ~[spring-web-5.3.6.jar:5.3.6]
	at org.apache.catalina.core.ApplicationFilterChain.internalDoFilter(ApplicationFilterChain.java:189) ~[tomcat-embed-core-9.0.45.jar:9.0.45]
	at org.apache.catalina.core.ApplicationFilterChain.doFilter(ApplicationFilterChain.java:162) ~[tomcat-embed-core-9.0.45.jar:9.0.45]
	at org.springframework.web.filter.CharacterEncodingFilter.doFilterInternal(CharacterEncodingFilter.java:201) ~[spring-web-5.3.6.jar:5.3.6]
	at org.springframework.web.filter.OncePerRequestFilter.doFilter(OncePerRequestFilter.java:119) ~[spring-web-5.3.6.jar:5.3.6]
	at org.apache.catalina.core.ApplicationFilterChain.internalDoFilter(ApplicationFilterChain.java:189) ~[tomcat-embed-core-9.0.45.jar:9.0.45]
	at org.apache.catalina.core.ApplicationFilterChain.doFilter(ApplicationFilterChain.java:162) ~[tomcat-embed-core-9.0.45.jar:9.0.45]
	at org.apache.catalina.core.StandardWrapperValve.invoke(StandardWrapperValve.java:202) ~[tomcat-embed-core-9.0.45.jar:9.0.45]
	at org.apache.catalina.core.StandardContextValve.invoke(StandardContextValve.java:97) ~[tomcat-embed-core-9.0.45.jar:9.0.45]
	at org.apache.catalina.authenticator.AuthenticatorBase.invoke(AuthenticatorBase.java:542) ~[tomcat-embed-core-9.0.45.jar:9.0.45]
	at org.apache.catalina.core.StandardHostValve.invoke(StandardHostValve.java:143) ~[tomcat-embed-core-9.0.45.jar:9.0.45]
	at org.apache.catalina.valves.ErrorReportValve.invoke(ErrorReportValve.java:92) ~[tomcat-embed-core-9.0.45.jar:9.0.45]
	at org.apache.catalina.core.StandardEngineValve.invoke(StandardEngineValve.java:78) ~[tomcat-embed-core-9.0.45.jar:9.0.45]
	at org.apache.catalina.connector.CoyoteAdapter.service(CoyoteAdapter.java:357) ~[tomcat-embed-core-9.0.45.jar:9.0.45]
	at org.apache.coyote.http11.Http11Processor.service(Http11Processor.java:374) ~[tomcat-embed-core-9.0.45.jar:9.0.45]
	at org.apache.coyote.AbstractProcessorLight.process(AbstractProcessorLight.java:65) ~[tomcat-embed-core-9.0.45.jar:9.0.45]
	at org.apache.coyote.AbstractProtocol$ConnectionHandler.process(AbstractProtocol.java:893) ~[tomcat-embed-core-9.0.45.jar:9.0.45]
	at org.apache.tomcat.util.net.NioEndpoint$SocketProcessor.doRun(NioEndpoint.java:1707) ~[tomcat-embed-core-9.0.45.jar:9.0.45]
	at org.apache.tomcat.util.net.SocketProcessorBase.run(SocketProcessorBase.java:49) ~[tomcat-embed-core-9.0.45.jar:9.0.45]
	at java.base/java.util.concurrent.ThreadPoolExecutor.runWorker(ThreadPoolExecutor.java:1130) ~[na:na]
	at java.base/java.util.concurrent.ThreadPoolExecutor$Worker.run(ThreadPoolExecutor.java:630) ~[na:na]
	at org.apache.tomcat.util.threads.TaskThread$WrappingRunnable.run(TaskThread.java:61) ~[tomcat-embed-core-9.0.45.jar:9.0.45]
	at java.base/java.lang.Thread.run(Thread.java:832) ~[na:na]

2021-05-22 20:53:32.036  INFO 14028 --- [restartedMain] c.e.e.EmployeeApplication                : Starting EmployeeApplication using Java 15.0.3 on DESKTOP-PSPH0JU with PID 14028 (E:\backup 11.05.21\desktop\new\Program_tester\SpringWorkspace\EmployeeApplication\target\classes started by Dell in E:\backup 11.05.21\desktop\new\Program_tester\SpringWorkspace\EmployeeApplication)
2021-05-22 20:53:32.040 DEBUG 14028 --- [restartedMain] c.e.e.EmployeeApplication                : Running with Spring Boot v2.4.5, Spring v5.3.6
2021-05-22 20:53:32.041  INFO 14028 --- [restartedMain] c.e.e.EmployeeApplication                : The following profiles are active: dev
2021-05-22 20:53:33.903  INFO 14028 --- [restartedMain] c.e.e.EmployeeApplication                : Started EmployeeApplication in 2.587 seconds (JVM running for 5.222)
2021-05-22 20:53:33.907  INFO 14028 --- [restartedMain] c.e.e.EmployeeApplication                : Employee Payroll App Started in DEV Environment
2021-05-22 20:53:33.908  INFO 14028 --- [restartedMain] c.e.e.EmployeeApplication                : Employee Payroll App Database User is payrolluser
2021-05-22 20:53:40.623 ERROR 14028 --- [http-nio-8080-exec-2] o.a.c.c.C.[.[.[/].[dispatcherServlet]    : Servlet.service() for servlet [dispatcherServlet] in context with path [] threw exception [Request processing failed; nested exception is javax.validation.UnexpectedTypeException: HV000030: No validator could be found for constraint 'javax.validation.constraints.NotBlank' validating type 'java.util.List<java.lang.String>'. Check configuration for 'departments'] with root cause

javax.validation.UnexpectedTypeException: HV000030: No validator could be found for constraint 'javax.validation.constraints.NotBlank' validating type 'java.util.List<java.lang.String>'. Check configuration for 'departments'
	at org.hibernate.validator.internal.engine.constraintvalidation.ConstraintTree.getExceptionForNullValidator(ConstraintTree.java:116) ~[hibernate-validator-6.1.7.Final.jar:6.1.7.Final]
	at org.hibernate.validator.internal.engine.constraintvalidation.ConstraintTree.getInitializedConstraintValidator(ConstraintTree.java:162) ~[hibernate-validator-6.1.7.Final.jar:6.1.7.Final]
	at org.hibernate.validator.internal.engine.constraintvalidation.SimpleConstraintTree.validateConstraints(SimpleConstraintTree.java:54) ~[hibernate-validator-6.1.7.Final.jar:6.1.7.Final]
	at org.hibernate.validator.internal.engine.constraintvalidation.ConstraintTree.validateConstraints(ConstraintTree.java:75) ~[hibernate-validator-6.1.7.Final.jar:6.1.7.Final]
	at org.hibernate.validator.internal.metadata.core.MetaConstraint.doValidateConstraint(MetaConstraint.java:130) ~[hibernate-validator-6.1.7.Final.jar:6.1.7.Final]
	at org.hibernate.validator.internal.metadata.core.MetaConstraint.validateConstraint(MetaConstraint.java:123) ~[hibernate-validator-6.1.7.Final.jar:6.1.7.Final]
	at org.hibernate.validator.internal.engine.ValidatorImpl.validateMetaConstraint(ValidatorImpl.java:555) ~[hibernate-validator-6.1.7.Final.jar:6.1.7.Final]
	at org.hibernate.validator.internal.engine.ValidatorImpl.validateConstraintsForSingleDefaultGroupElement(ValidatorImpl.java:518) ~[hibernate-validator-6.1.7.Final.jar:6.1.7.Final]
	at org.hibernate.validator.internal.engine.ValidatorImpl.validateConstraintsForDefaultGroup(ValidatorImpl.java:488) ~[hibernate-validator-6.1.7.Final.jar:6.1.7.Final]
	at org.hibernate.validator.internal.engine.ValidatorImpl.validateConstraintsForCurrentGroup(ValidatorImpl.java:450) ~[hibernate-validator-6.1.7.Final.jar:6.1.7.Final]
	at org.hibernate.validator.internal.engine.ValidatorImpl.validateInContext(ValidatorImpl.java:400) ~[hibernate-validator-6.1.7.Final.jar:6.1.7.Final]
	at org.hibernate.validator.internal.engine.ValidatorImpl.validate(ValidatorImpl.java:172) ~[hibernate-validator-6.1.7.Final.jar:6.1.7.Final]
	at org.springframework.validation.beanvalidation.SpringValidatorAdapter.validate(SpringValidatorAdapter.java:117) ~[spring-context-5.3.6.jar:5.3.6]
	at org.springframework.boot.autoconfigure.validation.ValidatorAdapter.validate(ValidatorAdapter.java:70) ~[spring-boot-autoconfigure-2.4.5.jar:2.4.5]
	at org.springframework.validation.DataBinder.validate(DataBinder.java:892) ~[spring-context-5.3.6.jar:5.3.6]
	at org.springframework.web.servlet.mvc.method.annotation.AbstractMessageConverterMethodArgumentResolver.validateIfApplicable(AbstractMessageConverterMethodArgumentResolver.java:248) ~[spring-webmvc-5.3.6.jar:5.3.6]
	at org.springframework.web.servlet.mvc.method.annotation.RequestResponseBodyMethodProcessor.resolveArgument(RequestResponseBodyMethodProcessor.java:137) ~[spring-webmvc-5.3.6.jar:5.3.6]
	at org.springframework.web.method.support.HandlerMethodArgumentResolverComposite.resolveArgument(HandlerMethodArgumentResolverComposite.java:121) ~[spring-web-5.3.6.jar:5.3.6]
	at org.springframework.web.method.support.InvocableHandlerMethod.getMethodArgumentValues(InvocableHandlerMethod.java:170) ~[spring-web-5.3.6.jar:5.3.6]
	at org.springframework.web.method.support.InvocableHandlerMethod.invokeForRequest(InvocableHandlerMethod.java:137) ~[spring-web-5.3.6.jar:5.3.6]
	at org.springframework.web.servlet.mvc.method.annotation.ServletInvocableHandlerMethod.invokeAndHandle(ServletInvocableHandlerMethod.java:106) ~[spring-webmvc-5.3.6.jar:5.3.6]
	at org.springframework.web.servlet.mvc.method.annotation.RequestMappingHandlerAdapter.invokeHandlerMethod(RequestMappingHandlerAdapter.java:894) ~[spring-webmvc-5.3.6.jar:5.3.6]
	at org.springframework.web.servlet.mvc.method.annotation.RequestMappingHandlerAdapter.handleInternal(RequestMappingHandlerAdapter.java:808) ~[spring-webmvc-5.3.6.jar:5.3.6]
	at org.springframework.web.servlet.mvc.method.AbstractHandlerMethodAdapter.handle(AbstractHandlerMethodAdapter.java:87) ~[spring-webmvc-5.3.6.jar:5.3.6]
	at org.springframework.web.servlet.DispatcherServlet.doDispatch(DispatcherServlet.java:1060) ~[spring-webmvc-5.3.6.jar:5.3.6]
	at org.springframework.web.servlet.DispatcherServlet.doService(DispatcherServlet.java:962) ~[spring-webmvc-5.3.6.jar:5.3.6]
	at org.springframework.web.servlet.FrameworkServlet.processRequest(FrameworkServlet.java:1006) ~[spring-webmvc-5.3.6.jar:5.3.6]
	at org.springframework.web.servlet.FrameworkServlet.doPost(FrameworkServlet.java:909) ~[spring-webmvc-5.3.6.jar:5.3.6]
	at javax.servlet.http.HttpServlet.service(HttpServlet.java:652) ~[tomcat-embed-core-9.0.45.jar:4.0.FR]
	at org.springframework.web.servlet.FrameworkServlet.service(FrameworkServlet.java:883) ~[spring-webmvc-5.3.6.jar:5.3.6]
	at javax.servlet.http.HttpServlet.service(HttpServlet.java:733) ~[tomcat-embed-core-9.0.45.jar:4.0.FR]
	at org.apache.catalina.core.ApplicationFilterChain.internalDoFilter(ApplicationFilterChain.java:227) ~[tomcat-embed-core-9.0.45.jar:9.0.45]
	at org.apache.catalina.core.ApplicationFilterChain.doFilter(ApplicationFilterChain.java:162) ~[tomcat-embed-core-9.0.45.jar:9.0.45]
	at org.apache.tomcat.websocket.server.WsFilter.doFilter(WsFilter.java:53) ~[tomcat-embed-websocket-9.0.45.jar:9.0.45]
	at org.apache.catalina.core.ApplicationFilterChain.internalDoFilter(ApplicationFilterChain.java:189) ~[tomcat-embed-core-9.0.45.jar:9.0.45]
	at org.apache.catalina.core.ApplicationFilterChain.doFilter(ApplicationFilterChain.java:162) ~[tomcat-embed-core-9.0.45.jar:9.0.45]
	at org.springframework.web.filter.RequestContextFilter.doFilterInternal(RequestContextFilter.java:100) ~[spring-web-5.3.6.jar:5.3.6]
	at org.springframework.web.filter.OncePerRequestFilter.doFilter(OncePerRequestFilter.java:119) ~[spring-web-5.3.6.jar:5.3.6]
	at org.apache.catalina.core.ApplicationFilterChain.internalDoFilter(ApplicationFilterChain.java:189) ~[tomcat-embed-core-9.0.45.jar:9.0.45]
	at org.apache.catalina.core.ApplicationFilterChain.doFilter(ApplicationFilterChain.java:162) ~[tomcat-embed-core-9.0.45.jar:9.0.45]
	at org.springframework.web.filter.FormContentFilter.doFilterInternal(FormContentFilter.java:93) ~[spring-web-5.3.6.jar:5.3.6]
	at org.springframework.web.filter.OncePerRequestFilter.doFilter(OncePerRequestFilter.java:119) ~[spring-web-5.3.6.jar:5.3.6]
	at org.apache.catalina.core.ApplicationFilterChain.internalDoFilter(ApplicationFilterChain.java:189) ~[tomcat-embed-core-9.0.45.jar:9.0.45]
	at org.apache.catalina.core.ApplicationFilterChain.doFilter(ApplicationFilterChain.java:162) ~[tomcat-embed-core-9.0.45.jar:9.0.45]
	at org.springframework.web.filter.CharacterEncodingFilter.doFilterInternal(CharacterEncodingFilter.java:201) ~[spring-web-5.3.6.jar:5.3.6]
	at org.springframework.web.filter.OncePerRequestFilter.doFilter(OncePerRequestFilter.java:119) ~[spring-web-5.3.6.jar:5.3.6]
	at org.apache.catalina.core.ApplicationFilterChain.internalDoFilter(ApplicationFilterChain.java:189) ~[tomcat-embed-core-9.0.45.jar:9.0.45]
	at org.apache.catalina.core.ApplicationFilterChain.doFilter(ApplicationFilterChain.java:162) ~[tomcat-embed-core-9.0.45.jar:9.0.45]
	at org.apache.catalina.core.StandardWrapperValve.invoke(StandardWrapperValve.java:202) ~[tomcat-embed-core-9.0.45.jar:9.0.45]
	at org.apache.catalina.core.StandardContextValve.invoke(StandardContextValve.java:97) ~[tomcat-embed-core-9.0.45.jar:9.0.45]
	at org.apache.catalina.authenticator.AuthenticatorBase.invoke(AuthenticatorBase.java:542) ~[tomcat-embed-core-9.0.45.jar:9.0.45]
	at org.apache.catalina.core.StandardHostValve.invoke(StandardHostValve.java:143) ~[tomcat-embed-core-9.0.45.jar:9.0.45]
	at org.apache.catalina.valves.ErrorReportValve.invoke(ErrorReportValve.java:92) ~[tomcat-embed-core-9.0.45.jar:9.0.45]
	at org.apache.catalina.core.StandardEngineValve.invoke(StandardEngineValve.java:78) ~[tomcat-embed-core-9.0.45.jar:9.0.45]
	at org.apache.catalina.connector.CoyoteAdapter.service(CoyoteAdapter.java:357) ~[tomcat-embed-core-9.0.45.jar:9.0.45]
	at org.apache.coyote.http11.Http11Processor.service(Http11Processor.java:374) ~[tomcat-embed-core-9.0.45.jar:9.0.45]
	at org.apache.coyote.AbstractProcessorLight.process(AbstractProcessorLight.java:65) ~[tomcat-embed-core-9.0.45.jar:9.0.45]
	at org.apache.coyote.AbstractProtocol$ConnectionHandler.process(AbstractProtocol.java:893) ~[tomcat-embed-core-9.0.45.jar:9.0.45]
	at org.apache.tomcat.util.net.NioEndpoint$SocketProcessor.doRun(NioEndpoint.java:1707) ~[tomcat-embed-core-9.0.45.jar:9.0.45]
	at org.apache.tomcat.util.net.SocketProcessorBase.run(SocketProcessorBase.java:49) ~[tomcat-embed-core-9.0.45.jar:9.0.45]
	at java.base/java.util.concurrent.ThreadPoolExecutor.runWorker(ThreadPoolExecutor.java:1130) ~[na:na]
	at java.base/java.util.concurrent.ThreadPoolExecutor$Worker.run(ThreadPoolExecutor.java:630) ~[na:na]
	at org.apache.tomcat.util.threads.TaskThread$WrappingRunnable.run(TaskThread.java:61) ~[tomcat-embed-core-9.0.45.jar:9.0.45]
	at java.base/java.lang.Thread.run(Thread.java:832) ~[na:na]

2021-05-22 20:55:11.083  INFO 14132 --- [restartedMain] c.e.e.EmployeeApplication                : Starting EmployeeApplication using Java 15.0.3 on DESKTOP-PSPH0JU with PID 14132 (E:\backup 11.05.21\desktop\new\Program_tester\SpringWorkspace\EmployeeApplication\target\classes started by Dell in E:\backup 11.05.21\desktop\new\Program_tester\SpringWorkspace\EmployeeApplication)
2021-05-22 20:55:11.087 DEBUG 14132 --- [restartedMain] c.e.e.EmployeeApplication                : Running with Spring Boot v2.4.5, Spring v5.3.6
2021-05-22 20:55:11.088  INFO 14132 --- [restartedMain] c.e.e.EmployeeApplication                : The following profiles are active: dev
2021-05-22 20:55:12.911  INFO 14132 --- [restartedMain] c.e.e.EmployeeApplication                : Started EmployeeApplication in 2.526 seconds (JVM running for 4.933)
2021-05-22 20:55:12.914  INFO 14132 --- [restartedMain] c.e.e.EmployeeApplication                : Employee Payroll App Started in DEV Environment
2021-05-22 20:55:12.916  INFO 14132 --- [restartedMain] c.e.e.EmployeeApplication                : Employee Payroll App Database User is payrolluser
2021-05-22 20:55:17.038 ERROR 14132 --- [http-nio-8080-exec-1] o.a.c.c.C.[.[.[/].[dispatcherServlet]    : Servlet.service() for servlet [dispatcherServlet] in context with path [] threw exception [Request processing failed; nested exception is javax.validation.UnexpectedTypeException: HV000030: No validator could be found for constraint 'javax.validation.constraints.NotBlank' validating type 'java.util.List<java.lang.String>'. Check configuration for 'departments'] with root cause

javax.validation.UnexpectedTypeException: HV000030: No validator could be found for constraint 'javax.validation.constraints.NotBlank' validating type 'java.util.List<java.lang.String>'. Check configuration for 'departments'
	at org.hibernate.validator.internal.engine.constraintvalidation.ConstraintTree.getExceptionForNullValidator(ConstraintTree.java:116) ~[hibernate-validator-6.1.7.Final.jar:6.1.7.Final]
	at org.hibernate.validator.internal.engine.constraintvalidation.ConstraintTree.getInitializedConstraintValidator(ConstraintTree.java:162) ~[hibernate-validator-6.1.7.Final.jar:6.1.7.Final]
	at org.hibernate.validator.internal.engine.constraintvalidation.SimpleConstraintTree.validateConstraints(SimpleConstraintTree.java:54) ~[hibernate-validator-6.1.7.Final.jar:6.1.7.Final]
	at org.hibernate.validator.internal.engine.constraintvalidation.ConstraintTree.validateConstraints(ConstraintTree.java:75) ~[hibernate-validator-6.1.7.Final.jar:6.1.7.Final]
	at org.hibernate.validator.internal.metadata.core.MetaConstraint.doValidateConstraint(MetaConstraint.java:130) ~[hibernate-validator-6.1.7.Final.jar:6.1.7.Final]
	at org.hibernate.validator.internal.metadata.core.MetaConstraint.validateConstraint(MetaConstraint.java:123) ~[hibernate-validator-6.1.7.Final.jar:6.1.7.Final]
	at org.hibernate.validator.internal.engine.ValidatorImpl.validateMetaConstraint(ValidatorImpl.java:555) ~[hibernate-validator-6.1.7.Final.jar:6.1.7.Final]
	at org.hibernate.validator.internal.engine.ValidatorImpl.validateConstraintsForSingleDefaultGroupElement(ValidatorImpl.java:518) ~[hibernate-validator-6.1.7.Final.jar:6.1.7.Final]
	at org.hibernate.validator.internal.engine.ValidatorImpl.validateConstraintsForDefaultGroup(ValidatorImpl.java:488) ~[hibernate-validator-6.1.7.Final.jar:6.1.7.Final]
	at org.hibernate.validator.internal.engine.ValidatorImpl.validateConstraintsForCurrentGroup(ValidatorImpl.java:450) ~[hibernate-validator-6.1.7.Final.jar:6.1.7.Final]
	at org.hibernate.validator.internal.engine.ValidatorImpl.validateInContext(ValidatorImpl.java:400) ~[hibernate-validator-6.1.7.Final.jar:6.1.7.Final]
	at org.hibernate.validator.internal.engine.ValidatorImpl.validate(ValidatorImpl.java:172) ~[hibernate-validator-6.1.7.Final.jar:6.1.7.Final]
	at org.springframework.validation.beanvalidation.SpringValidatorAdapter.validate(SpringValidatorAdapter.java:117) ~[spring-context-5.3.6.jar:5.3.6]
	at org.springframework.boot.autoconfigure.validation.ValidatorAdapter.validate(ValidatorAdapter.java:70) ~[spring-boot-autoconfigure-2.4.5.jar:2.4.5]
	at org.springframework.validation.DataBinder.validate(DataBinder.java:892) ~[spring-context-5.3.6.jar:5.3.6]
	at org.springframework.web.servlet.mvc.method.annotation.AbstractMessageConverterMethodArgumentResolver.validateIfApplicable(AbstractMessageConverterMethodArgumentResolver.java:248) ~[spring-webmvc-5.3.6.jar:5.3.6]
	at org.springframework.web.servlet.mvc.method.annotation.RequestResponseBodyMethodProcessor.resolveArgument(RequestResponseBodyMethodProcessor.java:137) ~[spring-webmvc-5.3.6.jar:5.3.6]
	at org.springframework.web.method.support.HandlerMethodArgumentResolverComposite.resolveArgument(HandlerMethodArgumentResolverComposite.java:121) ~[spring-web-5.3.6.jar:5.3.6]
	at org.springframework.web.method.support.InvocableHandlerMethod.getMethodArgumentValues(InvocableHandlerMethod.java:170) ~[spring-web-5.3.6.jar:5.3.6]
	at org.springframework.web.method.support.InvocableHandlerMethod.invokeForRequest(InvocableHandlerMethod.java:137) ~[spring-web-5.3.6.jar:5.3.6]
	at org.springframework.web.servlet.mvc.method.annotation.ServletInvocableHandlerMethod.invokeAndHandle(ServletInvocableHandlerMethod.java:106) ~[spring-webmvc-5.3.6.jar:5.3.6]
	at org.springframework.web.servlet.mvc.method.annotation.RequestMappingHandlerAdapter.invokeHandlerMethod(RequestMappingHandlerAdapter.java:894) ~[spring-webmvc-5.3.6.jar:5.3.6]
	at org.springframework.web.servlet.mvc.method.annotation.RequestMappingHandlerAdapter.handleInternal(RequestMappingHandlerAdapter.java:808) ~[spring-webmvc-5.3.6.jar:5.3.6]
	at org.springframework.web.servlet.mvc.method.AbstractHandlerMethodAdapter.handle(AbstractHandlerMethodAdapter.java:87) ~[spring-webmvc-5.3.6.jar:5.3.6]
	at org.springframework.web.servlet.DispatcherServlet.doDispatch(DispatcherServlet.java:1060) ~[spring-webmvc-5.3.6.jar:5.3.6]
	at org.springframework.web.servlet.DispatcherServlet.doService(DispatcherServlet.java:962) ~[spring-webmvc-5.3.6.jar:5.3.6]
	at org.springframework.web.servlet.FrameworkServlet.processRequest(FrameworkServlet.java:1006) ~[spring-webmvc-5.3.6.jar:5.3.6]
	at org.springframework.web.servlet.FrameworkServlet.doPost(FrameworkServlet.java:909) ~[spring-webmvc-5.3.6.jar:5.3.6]
	at javax.servlet.http.HttpServlet.service(HttpServlet.java:652) ~[tomcat-embed-core-9.0.45.jar:4.0.FR]
	at org.springframework.web.servlet.FrameworkServlet.service(FrameworkServlet.java:883) ~[spring-webmvc-5.3.6.jar:5.3.6]
	at javax.servlet.http.HttpServlet.service(HttpServlet.java:733) ~[tomcat-embed-core-9.0.45.jar:4.0.FR]
	at org.apache.catalina.core.ApplicationFilterChain.internalDoFilter(ApplicationFilterChain.java:227) ~[tomcat-embed-core-9.0.45.jar:9.0.45]
	at org.apache.catalina.core.ApplicationFilterChain.doFilter(ApplicationFilterChain.java:162) ~[tomcat-embed-core-9.0.45.jar:9.0.45]
	at org.apache.tomcat.websocket.server.WsFilter.doFilter(WsFilter.java:53) ~[tomcat-embed-websocket-9.0.45.jar:9.0.45]
	at org.apache.catalina.core.ApplicationFilterChain.internalDoFilter(ApplicationFilterChain.java:189) ~[tomcat-embed-core-9.0.45.jar:9.0.45]
	at org.apache.catalina.core.ApplicationFilterChain.doFilter(ApplicationFilterChain.java:162) ~[tomcat-embed-core-9.0.45.jar:9.0.45]
	at org.springframework.web.filter.RequestContextFilter.doFilterInternal(RequestContextFilter.java:100) ~[spring-web-5.3.6.jar:5.3.6]
	at org.springframework.web.filter.OncePerRequestFilter.doFilter(OncePerRequestFilter.java:119) ~[spring-web-5.3.6.jar:5.3.6]
	at org.apache.catalina.core.ApplicationFilterChain.internalDoFilter(ApplicationFilterChain.java:189) ~[tomcat-embed-core-9.0.45.jar:9.0.45]
	at org.apache.catalina.core.ApplicationFilterChain.doFilter(ApplicationFilterChain.java:162) ~[tomcat-embed-core-9.0.45.jar:9.0.45]
	at org.springframework.web.filter.FormContentFilter.doFilterInternal(FormContentFilter.java:93) ~[spring-web-5.3.6.jar:5.3.6]
	at org.springframework.web.filter.OncePerRequestFilter.doFilter(OncePerRequestFilter.java:119) ~[spring-web-5.3.6.jar:5.3.6]
	at org.apache.catalina.core.ApplicationFilterChain.internalDoFilter(ApplicationFilterChain.java:189) ~[tomcat-embed-core-9.0.45.jar:9.0.45]
	at org.apache.catalina.core.ApplicationFilterChain.doFilter(ApplicationFilterChain.java:162) ~[tomcat-embed-core-9.0.45.jar:9.0.45]
	at org.springframework.web.filter.CharacterEncodingFilter.doFilterInternal(CharacterEncodingFilter.java:201) ~[spring-web-5.3.6.jar:5.3.6]
	at org.springframework.web.filter.OncePerRequestFilter.doFilter(OncePerRequestFilter.java:119) ~[spring-web-5.3.6.jar:5.3.6]
	at org.apache.catalina.core.ApplicationFilterChain.internalDoFilter(ApplicationFilterChain.java:189) ~[tomcat-embed-core-9.0.45.jar:9.0.45]
	at org.apache.catalina.core.ApplicationFilterChain.doFilter(ApplicationFilterChain.java:162) ~[tomcat-embed-core-9.0.45.jar:9.0.45]
	at org.apache.catalina.core.StandardWrapperValve.invoke(StandardWrapperValve.java:202) ~[tomcat-embed-core-9.0.45.jar:9.0.45]
	at org.apache.catalina.core.StandardContextValve.invoke(StandardContextValve.java:97) ~[tomcat-embed-core-9.0.45.jar:9.0.45]
	at org.apache.catalina.authenticator.AuthenticatorBase.invoke(AuthenticatorBase.java:542) ~[tomcat-embed-core-9.0.45.jar:9.0.45]
	at org.apache.catalina.core.StandardHostValve.invoke(StandardHostValve.java:143) ~[tomcat-embed-core-9.0.45.jar:9.0.45]
	at org.apache.catalina.valves.ErrorReportValve.invoke(ErrorReportValve.java:92) ~[tomcat-embed-core-9.0.45.jar:9.0.45]
	at org.apache.catalina.core.StandardEngineValve.invoke(StandardEngineValve.java:78) ~[tomcat-embed-core-9.0.45.jar:9.0.45]
	at org.apache.catalina.connector.CoyoteAdapter.service(CoyoteAdapter.java:357) ~[tomcat-embed-core-9.0.45.jar:9.0.45]
	at org.apache.coyote.http11.Http11Processor.service(Http11Processor.java:374) ~[tomcat-embed-core-9.0.45.jar:9.0.45]
	at org.apache.coyote.AbstractProcessorLight.process(AbstractProcessorLight.java:65) ~[tomcat-embed-core-9.0.45.jar:9.0.45]
	at org.apache.coyote.AbstractProtocol$ConnectionHandler.process(AbstractProtocol.java:893) ~[tomcat-embed-core-9.0.45.jar:9.0.45]
	at org.apache.tomcat.util.net.NioEndpoint$SocketProcessor.doRun(NioEndpoint.java:1707) ~[tomcat-embed-core-9.0.45.jar:9.0.45]
	at org.apache.tomcat.util.net.SocketProcessorBase.run(SocketProcessorBase.java:49) ~[tomcat-embed-core-9.0.45.jar:9.0.45]
	at java.base/java.util.concurrent.ThreadPoolExecutor.runWorker(ThreadPoolExecutor.java:1130) ~[na:na]
	at java.base/java.util.concurrent.ThreadPoolExecutor$Worker.run(ThreadPoolExecutor.java:630) ~[na:na]
	at org.apache.tomcat.util.threads.TaskThread$WrappingRunnable.run(TaskThread.java:61) ~[tomcat-embed-core-9.0.45.jar:9.0.45]
	at java.base/java.lang.Thread.run(Thread.java:832) ~[na:na]

2021-05-22 20:56:03.475  INFO 3844 --- [restartedMain] c.e.e.EmployeeApplication                : Starting EmployeeApplication using Java 15.0.3 on DESKTOP-PSPH0JU with PID 3844 (E:\backup 11.05.21\desktop\new\Program_tester\SpringWorkspace\EmployeeApplication\target\classes started by Dell in E:\backup 11.05.21\desktop\new\Program_tester\SpringWorkspace\EmployeeApplication)
2021-05-22 20:56:03.479 DEBUG 3844 --- [restartedMain] c.e.e.EmployeeApplication                : Running with Spring Boot v2.4.5, Spring v5.3.6
2021-05-22 20:56:03.480  INFO 3844 --- [restartedMain] c.e.e.EmployeeApplication                : The following profiles are active: dev
2021-05-22 20:56:05.426  INFO 3844 --- [restartedMain] c.e.e.EmployeeApplication                : Started EmployeeApplication in 2.607 seconds (JVM running for 4.301)
2021-05-22 20:56:05.432  INFO 3844 --- [restartedMain] c.e.e.EmployeeApplication                : Employee Payroll App Started in DEV Environment
2021-05-22 20:56:05.435  INFO 3844 --- [restartedMain] c.e.e.EmployeeApplication                : Employee Payroll App Database User is payrolluser
2021-05-22 20:56:10.227  WARN 3844 --- [http-nio-8080-exec-2] .m.m.a.ExceptionHandlerExceptionResolver : Resolved [org.springframework.web.bind.MethodArgumentNotValidException: Validation failed for argument [0] in public org.springframework.http.ResponseEntity<com.employee.employeeapplication.dto.ResponseDTO> com.employee.employeeapplication.controller.EmployeeController.addEmployeePayRollData(com.employee.employeeapplication.dto.EmployeePayRollDTO): [Field error in object 'employeePayRollDTO' on field 'gender': rejected value [malewew]; codes [Pattern.employeePayRollDTO.gender,Pattern.gender,Pattern]; arguments [org.springframework.context.support.DefaultMessageSourceResolvable: codes [employeePayRollDTO.gender,gender]; arguments []; default message [gender],[Ljavax.validation.constraints.Pattern$Flag;@28bab5d8,Male|Female|TransGender|Non-Straight]; default message [Gender can only be Male / Female / TransGender / Non-Straight]] ]
2021-05-22 20:57:16.565  INFO 11576 --- [restartedMain] c.e.e.EmployeeApplication                : Starting EmployeeApplication using Java 15.0.3 on DESKTOP-PSPH0JU with PID 11576 (E:\backup 11.05.21\desktop\new\Program_tester\SpringWorkspace\EmployeeApplication\target\classes started by Dell in E:\backup 11.05.21\desktop\new\Program_tester\SpringWorkspace\EmployeeApplication)
2021-05-22 20:57:16.570 DEBUG 11576 --- [restartedMain] c.e.e.EmployeeApplication                : Running with Spring Boot v2.4.5, Spring v5.3.6
2021-05-22 20:57:16.571  INFO 11576 --- [restartedMain] c.e.e.EmployeeApplication                : The following profiles are active: dev
2021-05-22 20:57:18.672  INFO 11576 --- [restartedMain] c.e.e.EmployeeApplication                : Started EmployeeApplication in 2.784 seconds (JVM running for 4.439)
2021-05-22 20:57:18.675  INFO 11576 --- [restartedMain] c.e.e.EmployeeApplication                : Employee Payroll App Started in DEV Environment
2021-05-22 20:57:18.676  INFO 11576 --- [restartedMain] c.e.e.EmployeeApplication                : Employee Payroll App Database User is payrolluser
2021-05-22 20:57:21.515  WARN 11576 --- [http-nio-8080-exec-1] .m.m.a.ExceptionHandlerExceptionResolver : Resolved [org.springframework.web.bind.MethodArgumentNotValidException: Validation failed for argument [0] in public org.springframework.http.ResponseEntity<com.employee.employeeapplication.dto.ResponseDTO> com.employee.employeeapplication.controller.EmployeeController.addEmployeePayRollData(com.employee.employeeapplication.dto.EmployeePayRollDTO): [Field error in object 'employeePayRollDTO' on field 'gender': rejected value [malewew]; codes [Pattern.employeePayRollDTO.gender,Pattern.gender,Pattern]; arguments [org.springframework.context.support.DefaultMessageSourceResolvable: codes [employeePayRollDTO.gender,gender]; arguments []; default message [gender],[Ljavax.validation.constraints.Pattern$Flag;@5676a6eb,Male|Female|TransGender|Non-Straight]; default message [Gender can only be Male / Female / TransGender / Non-Straight]] ]
2021-05-22 21:07:38.730  INFO 12656 --- [restartedMain] c.e.e.EmployeeApplication                : Starting EmployeeApplication using Java 15.0.3 on DESKTOP-PSPH0JU with PID 12656 (E:\backup 11.05.21\desktop\new\Program_tester\SpringWorkspace\EmployeeApplication\target\classes started by Dell in E:\backup 11.05.21\desktop\new\Program_tester\SpringWorkspace\EmployeeApplication)
2021-05-22 21:07:38.733 DEBUG 12656 --- [restartedMain] c.e.e.EmployeeApplication                : Running with Spring Boot v2.4.5, Spring v5.3.6
2021-05-22 21:07:38.734  INFO 12656 --- [restartedMain] c.e.e.EmployeeApplication                : The following profiles are active: dev
2021-05-22 21:07:40.589  INFO 12656 --- [restartedMain] c.e.e.EmployeeApplication                : Started EmployeeApplication in 2.5 seconds (JVM running for 4.128)
2021-05-22 21:07:40.592  INFO 12656 --- [restartedMain] c.e.e.EmployeeApplication                : Employee Payroll App Started in DEV Environment
2021-05-22 21:07:40.594  INFO 12656 --- [restartedMain] c.e.e.EmployeeApplication                : Employee Payroll App Database User is payrolluser
2021-05-22 21:07:51.987 ERROR 12656 --- [http-nio-8080-exec-2] c.e.e.e.EmployeeServiceExceptionHandler  : Invalid Date Format

org.springframework.http.converter.HttpMessageNotReadableException: JSON parse error: Cannot deserialize value of type `java.time.LocalDate` from String "29  2019": Failed to deserialize java.time.LocalDate: (java.time.format.DateTimeParseException) Text '29  2019' could not be parsed at index 3; nested exception is com.fasterxml.jackson.databind.exc.InvalidFormatException: Cannot deserialize value of type `java.time.LocalDate` from String "29  2019": Failed to deserialize java.time.LocalDate: (java.time.format.DateTimeParseException) Text '29  2019' could not be parsed at index 3
 at [Source: (PushbackInputStream); line: 2, column: 65] (through reference chain: com.employee.employeeapplication.dto.EmployeePayRollDTO["startDate"])
	at org.springframework.http.converter.json.AbstractJackson2HttpMessageConverter.readJavaType(AbstractJackson2HttpMessageConverter.java:389) ~[spring-web-5.3.6.jar:5.3.6]
	at org.springframework.http.converter.json.AbstractJackson2HttpMessageConverter.read(AbstractJackson2HttpMessageConverter.java:342) ~[spring-web-5.3.6.jar:5.3.6]
	at org.springframework.web.servlet.mvc.method.annotation.AbstractMessageConverterMethodArgumentResolver.readWithMessageConverters(AbstractMessageConverterMethodArgumentResolver.java:186) ~[spring-webmvc-5.3.6.jar:5.3.6]
	at org.springframework.web.servlet.mvc.method.annotation.RequestResponseBodyMethodProcessor.readWithMessageConverters(RequestResponseBodyMethodProcessor.java:158) ~[spring-webmvc-5.3.6.jar:5.3.6]
	at org.springframework.web.servlet.mvc.method.annotation.RequestResponseBodyMethodProcessor.resolveArgument(RequestResponseBodyMethodProcessor.java:131) ~[spring-webmvc-5.3.6.jar:5.3.6]
	at org.springframework.web.method.support.HandlerMethodArgumentResolverComposite.resolveArgument(HandlerMethodArgumentResolverComposite.java:121) ~[spring-web-5.3.6.jar:5.3.6]
	at org.springframework.web.method.support.InvocableHandlerMethod.getMethodArgumentValues(InvocableHandlerMethod.java:170) ~[spring-web-5.3.6.jar:5.3.6]
	at org.springframework.web.method.support.InvocableHandlerMethod.invokeForRequest(InvocableHandlerMethod.java:137) ~[spring-web-5.3.6.jar:5.3.6]
	at org.springframework.web.servlet.mvc.method.annotation.ServletInvocableHandlerMethod.invokeAndHandle(ServletInvocableHandlerMethod.java:106) ~[spring-webmvc-5.3.6.jar:5.3.6]
	at org.springframework.web.servlet.mvc.method.annotation.RequestMappingHandlerAdapter.invokeHandlerMethod(RequestMappingHandlerAdapter.java:894) ~[spring-webmvc-5.3.6.jar:5.3.6]
	at org.springframework.web.servlet.mvc.method.annotation.RequestMappingHandlerAdapter.handleInternal(RequestMappingHandlerAdapter.java:808) ~[spring-webmvc-5.3.6.jar:5.3.6]
	at org.springframework.web.servlet.mvc.method.AbstractHandlerMethodAdapter.handle(AbstractHandlerMethodAdapter.java:87) ~[spring-webmvc-5.3.6.jar:5.3.6]
	at org.springframework.web.servlet.DispatcherServlet.doDispatch(DispatcherServlet.java:1060) ~[spring-webmvc-5.3.6.jar:5.3.6]
	at org.springframework.web.servlet.DispatcherServlet.doService(DispatcherServlet.java:962) ~[spring-webmvc-5.3.6.jar:5.3.6]
	at org.springframework.web.servlet.FrameworkServlet.processRequest(FrameworkServlet.java:1006) ~[spring-webmvc-5.3.6.jar:5.3.6]
	at org.springframework.web.servlet.FrameworkServlet.doPost(FrameworkServlet.java:909) ~[spring-webmvc-5.3.6.jar:5.3.6]
	at javax.servlet.http.HttpServlet.service(HttpServlet.java:652) ~[tomcat-embed-core-9.0.45.jar:4.0.FR]
	at org.springframework.web.servlet.FrameworkServlet.service(FrameworkServlet.java:883) ~[spring-webmvc-5.3.6.jar:5.3.6]
	at javax.servlet.http.HttpServlet.service(HttpServlet.java:733) ~[tomcat-embed-core-9.0.45.jar:4.0.FR]
	at org.apache.catalina.core.ApplicationFilterChain.internalDoFilter(ApplicationFilterChain.java:227) ~[tomcat-embed-core-9.0.45.jar:9.0.45]
	at org.apache.catalina.core.ApplicationFilterChain.doFilter(ApplicationFilterChain.java:162) ~[tomcat-embed-core-9.0.45.jar:9.0.45]
	at org.apache.tomcat.websocket.server.WsFilter.doFilter(WsFilter.java:53) ~[tomcat-embed-websocket-9.0.45.jar:9.0.45]
	at org.apache.catalina.core.ApplicationFilterChain.internalDoFilter(ApplicationFilterChain.java:189) ~[tomcat-embed-core-9.0.45.jar:9.0.45]
	at org.apache.catalina.core.ApplicationFilterChain.doFilter(ApplicationFilterChain.java:162) ~[tomcat-embed-core-9.0.45.jar:9.0.45]
	at org.springframework.web.filter.RequestContextFilter.doFilterInternal(RequestContextFilter.java:100) ~[spring-web-5.3.6.jar:5.3.6]
	at org.springframework.web.filter.OncePerRequestFilter.doFilter(OncePerRequestFilter.java:119) ~[spring-web-5.3.6.jar:5.3.6]
	at org.apache.catalina.core.ApplicationFilterChain.internalDoFilter(ApplicationFilterChain.java:189) ~[tomcat-embed-core-9.0.45.jar:9.0.45]
	at org.apache.catalina.core.ApplicationFilterChain.doFilter(ApplicationFilterChain.java:162) ~[tomcat-embed-core-9.0.45.jar:9.0.45]
	at org.springframework.web.filter.FormContentFilter.doFilterInternal(FormContentFilter.java:93) ~[spring-web-5.3.6.jar:5.3.6]
	at org.springframework.web.filter.OncePerRequestFilter.doFilter(OncePerRequestFilter.java:119) ~[spring-web-5.3.6.jar:5.3.6]
	at org.apache.catalina.core.ApplicationFilterChain.internalDoFilter(ApplicationFilterChain.java:189) ~[tomcat-embed-core-9.0.45.jar:9.0.45]
	at org.apache.catalina.core.ApplicationFilterChain.doFilter(ApplicationFilterChain.java:162) ~[tomcat-embed-core-9.0.45.jar:9.0.45]
	at org.springframework.web.filter.CharacterEncodingFilter.doFilterInternal(CharacterEncodingFilter.java:201) ~[spring-web-5.3.6.jar:5.3.6]
	at org.springframework.web.filter.OncePerRequestFilter.doFilter(OncePerRequestFilter.java:119) ~[spring-web-5.3.6.jar:5.3.6]
	at org.apache.catalina.core.ApplicationFilterChain.internalDoFilter(ApplicationFilterChain.java:189) ~[tomcat-embed-core-9.0.45.jar:9.0.45]
	at org.apache.catalina.core.ApplicationFilterChain.doFilter(ApplicationFilterChain.java:162) ~[tomcat-embed-core-9.0.45.jar:9.0.45]
	at org.apache.catalina.core.StandardWrapperValve.invoke(StandardWrapperValve.java:202) ~[tomcat-embed-core-9.0.45.jar:9.0.45]
	at org.apache.catalina.core.StandardContextValve.invoke(StandardContextValve.java:97) ~[tomcat-embed-core-9.0.45.jar:9.0.45]
	at org.apache.catalina.authenticator.AuthenticatorBase.invoke(AuthenticatorBase.java:542) ~[tomcat-embed-core-9.0.45.jar:9.0.45]
	at org.apache.catalina.core.StandardHostValve.invoke(StandardHostValve.java:143) ~[tomcat-embed-core-9.0.45.jar:9.0.45]
	at org.apache.catalina.valves.ErrorReportValve.invoke(ErrorReportValve.java:92) ~[tomcat-embed-core-9.0.45.jar:9.0.45]
	at org.apache.catalina.core.StandardEngineValve.invoke(StandardEngineValve.java:78) ~[tomcat-embed-core-9.0.45.jar:9.0.45]
	at org.apache.catalina.connector.CoyoteAdapter.service(CoyoteAdapter.java:357) ~[tomcat-embed-core-9.0.45.jar:9.0.45]
	at org.apache.coyote.http11.Http11Processor.service(Http11Processor.java:374) ~[tomcat-embed-core-9.0.45.jar:9.0.45]
	at org.apache.coyote.AbstractProcessorLight.process(AbstractProcessorLight.java:65) ~[tomcat-embed-core-9.0.45.jar:9.0.45]
	at org.apache.coyote.AbstractProtocol$ConnectionHandler.process(AbstractProtocol.java:893) ~[tomcat-embed-core-9.0.45.jar:9.0.45]
	at org.apache.tomcat.util.net.NioEndpoint$SocketProcessor.doRun(NioEndpoint.java:1707) ~[tomcat-embed-core-9.0.45.jar:9.0.45]
	at org.apache.tomcat.util.net.SocketProcessorBase.run(SocketProcessorBase.java:49) ~[tomcat-embed-core-9.0.45.jar:9.0.45]
	at java.base/java.util.concurrent.ThreadPoolExecutor.runWorker(ThreadPoolExecutor.java:1130) ~[na:na]
	at java.base/java.util.concurrent.ThreadPoolExecutor$Worker.run(ThreadPoolExecutor.java:630) ~[na:na]
	at org.apache.tomcat.util.threads.TaskThread$WrappingRunnable.run(TaskThread.java:61) ~[tomcat-embed-core-9.0.45.jar:9.0.45]
	at java.base/java.lang.Thread.run(Thread.java:832) ~[na:na]
Caused by: com.fasterxml.jackson.databind.exc.InvalidFormatException: Cannot deserialize value of type `java.time.LocalDate` from String "29  2019": Failed to deserialize java.time.LocalDate: (java.time.format.DateTimeParseException) Text '29  2019' could not be parsed at index 3
 at [Source: (PushbackInputStream); line: 2, column: 65] (through reference chain: com.employee.employeeapplication.dto.EmployeePayRollDTO["startDate"])
	at com.fasterxml.jackson.databind.exc.InvalidFormatException.from(InvalidFormatException.java:67) ~[jackson-databind-2.11.4.jar:2.11.4]
	at com.fasterxml.jackson.databind.DeserializationContext.weirdStringException(DeserializationContext.java:1702) ~[jackson-databind-2.11.4.jar:2.11.4]
	at com.fasterxml.jackson.databind.DeserializationContext.handleWeirdStringValue(DeserializationContext.java:947) ~[jackson-databind-2.11.4.jar:2.11.4]
	at com.fasterxml.jackson.datatype.jsr310.deser.JSR310DeserializerBase._handleDateTimeException(JSR310DeserializerBase.java:129) ~[jackson-datatype-jsr310-2.11.4.jar:2.11.4]
	at com.fasterxml.jackson.datatype.jsr310.deser.LocalDateDeserializer.deserialize(LocalDateDeserializer.java:114) ~[jackson-datatype-jsr310-2.11.4.jar:2.11.4]
	at com.fasterxml.jackson.datatype.jsr310.deser.LocalDateDeserializer.deserialize(LocalDateDeserializer.java:37) ~[jackson-datatype-jsr310-2.11.4.jar:2.11.4]
	at com.fasterxml.jackson.databind.deser.impl.FieldProperty.deserializeAndSet(FieldProperty.java:138) ~[jackson-databind-2.11.4.jar:2.11.4]
	at com.fasterxml.jackson.databind.deser.BeanDeserializer.deserialize(BeanDeserializer.java:257) ~[jackson-databind-2.11.4.jar:2.11.4]
	at com.fasterxml.jackson.databind.deser.BeanDeserializer._deserializeUsingPropertyBased(BeanDeserializer.java:443) ~[jackson-databind-2.11.4.jar:2.11.4]
	at com.fasterxml.jackson.databind.deser.BeanDeserializerBase.deserializeFromObjectUsingNonDefault(BeanDeserializerBase.java:1322) ~[jackson-databind-2.11.4.jar:2.11.4]
	at com.fasterxml.jackson.databind.deser.BeanDeserializer.deserializeFromObject(BeanDeserializer.java:331) ~[jackson-databind-2.11.4.jar:2.11.4]
	at com.fasterxml.jackson.databind.deser.BeanDeserializer.deserialize(BeanDeserializer.java:164) ~[jackson-databind-2.11.4.jar:2.11.4]
	at com.fasterxml.jackson.databind.ObjectMapper._readMapAndClose(ObjectMapper.java:4526) ~[jackson-databind-2.11.4.jar:2.11.4]
	at com.fasterxml.jackson.databind.ObjectMapper.readValue(ObjectMapper.java:3521) ~[jackson-databind-2.11.4.jar:2.11.4]
	at org.springframework.http.converter.json.AbstractJackson2HttpMessageConverter.readJavaType(AbstractJackson2HttpMessageConverter.java:378) ~[spring-web-5.3.6.jar:5.3.6]
	... 51 common frames omitted
Caused by: java.time.format.DateTimeParseException: Text '29  2019' could not be parsed at index 3
	at java.base/java.time.format.DateTimeFormatter.parseResolved0(DateTimeFormatter.java:2051) ~[na:na]
	at java.base/java.time.format.DateTimeFormatter.parse(DateTimeFormatter.java:1953) ~[na:na]
	at java.base/java.time.LocalDate.parse(LocalDate.java:429) ~[na:na]
	at com.fasterxml.jackson.datatype.jsr310.deser.LocalDateDeserializer.deserialize(LocalDateDeserializer.java:112) ~[jackson-datatype-jsr310-2.11.4.jar:2.11.4]
	... 61 common frames omitted

2021-05-22 21:07:52.032  WARN 12656 --- [http-nio-8080-exec-2] .m.m.a.ExceptionHandlerExceptionResolver : Resolved [org.springframework.http.converter.HttpMessageNotReadableException: JSON parse error: Cannot deserialize value of type `java.time.LocalDate` from String "29  2019": Failed to deserialize java.time.LocalDate: (java.time.format.DateTimeParseException) Text '29  2019' could not be parsed at index 3; nested exception is com.fasterxml.jackson.databind.exc.InvalidFormatException: Cannot deserialize value of type `java.time.LocalDate` from String "29  2019": Failed to deserialize java.time.LocalDate: (java.time.format.DateTimeParseException) Text '29  2019' could not be parsed at index 3
 at [Source: (PushbackInputStream); line: 2, column: 65] (through reference chain: com.employee.employeeapplication.dto.EmployeePayRollDTO["startDate"])]
2021-05-22 21:46:17.579  INFO 3276 --- [restartedMain] c.e.e.EmployeeApplication                : Starting EmployeeApplication using Java 15.0.3 on DESKTOP-PSPH0JU with PID 3276 (E:\backup 11.05.21\desktop\new\Program_tester\SpringWorkspace\EmployeeApplication\target\classes started by Dell in E:\backup 11.05.21\desktop\new\Program_tester\SpringWorkspace\EmployeeApplication)
2021-05-22 21:46:17.584 DEBUG 3276 --- [restartedMain] c.e.e.EmployeeApplication                : Running with Spring Boot v2.4.5, Spring v5.3.6
2021-05-22 21:46:17.584  INFO 3276 --- [restartedMain] c.e.e.EmployeeApplication                : The following profiles are active: dev
2021-05-22 21:46:19.353  INFO 3276 --- [restartedMain] c.e.e.EmployeeApplication                : Started EmployeeApplication in 2.458 seconds (JVM running for 4.211)
2021-05-22 21:46:19.357  INFO 3276 --- [restartedMain] c.e.e.EmployeeApplication                : Employee Payroll App Started in DEV Environment
2021-05-22 21:46:19.358  INFO 3276 --- [restartedMain] c.e.e.EmployeeApplication                : Employee Payroll App Database User is payrolluser
2021-05-22 21:52:35.894  INFO 3276 --- [restartedMain] c.e.e.EmployeeApplication                : Starting EmployeeApplication using Java 15.0.3 on DESKTOP-PSPH0JU with PID 3276 (E:\backup 11.05.21\desktop\new\Program_tester\SpringWorkspace\EmployeeApplication\target\classes started by Dell in E:\backup 11.05.21\desktop\new\Program_tester\SpringWorkspace\EmployeeApplication)
2021-05-22 21:52:35.895 DEBUG 3276 --- [restartedMain] c.e.e.EmployeeApplication                : Running with Spring Boot v2.4.5, Spring v5.3.6
2021-05-22 21:52:35.895  INFO 3276 --- [restartedMain] c.e.e.EmployeeApplication                : The following profiles are active: dev
2021-05-22 21:52:36.438  INFO 3276 --- [restartedMain] c.e.e.EmployeeApplication                : Started EmployeeApplication in 0.592 seconds (JVM running for 381.296)
2021-05-22 21:52:36.448  INFO 3276 --- [restartedMain] c.e.e.EmployeeApplication                : Employee Payroll App Started in DEV Environment
2021-05-22 21:52:36.448  INFO 3276 --- [restartedMain] c.e.e.EmployeeApplication                : Employee Payroll App Database User is payrolluser
2021-05-22 21:52:47.248  INFO 3276 --- [restartedMain] c.e.e.EmployeeApplication                : Starting EmployeeApplication using Java 15.0.3 on DESKTOP-PSPH0JU with PID 3276 (E:\backup 11.05.21\desktop\new\Program_tester\SpringWorkspace\EmployeeApplication\target\classes started by Dell in E:\backup 11.05.21\desktop\new\Program_tester\SpringWorkspace\EmployeeApplication)
2021-05-22 21:52:47.249 DEBUG 3276 --- [restartedMain] c.e.e.EmployeeApplication                : Running with Spring Boot v2.4.5, Spring v5.3.6
2021-05-22 21:52:47.250  INFO 3276 --- [restartedMain] c.e.e.EmployeeApplication                : The following profiles are active: dev
2021-05-22 21:52:47.761  INFO 3276 --- [restartedMain] c.e.e.EmployeeApplication                : Started EmployeeApplication in 0.562 seconds (JVM running for 392.619)
2021-05-22 21:52:47.764  INFO 3276 --- [restartedMain] c.e.e.EmployeeApplication                : Employee Payroll App Started in DEV Environment
2021-05-22 21:52:47.764  INFO 3276 --- [restartedMain] c.e.e.EmployeeApplication                : Employee Payroll App Database User is payrolluser
2021-05-22 21:56:50.843  INFO 11168 --- [restartedMain] c.e.e.EmployeeApplication                : Starting EmployeeApplication using Java 15.0.2 on DESKTOP-PSPH0JU with PID 11168 (E:\backup 11.05.21\desktop\new\Program_tester\SpringWorkspace\EmployeeApplication\target\classes started by Dell in E:\backup 11.05.21\desktop\new\Program_tester\SpringWorkspace\EmployeeApplication)
2021-05-22 21:56:50.847 DEBUG 11168 --- [restartedMain] c.e.e.EmployeeApplication                : Running with Spring Boot v2.4.5, Spring v5.3.6
2021-05-22 21:56:50.847  INFO 11168 --- [restartedMain] c.e.e.EmployeeApplication                : The following profiles are active: dev
2021-05-22 21:56:54.608  WARN 11168 --- [restartedMain] o.s.b.d.a.OptionalLiveReloadServer       : Unable to start LiveReload server
2021-05-22 21:56:54.765  WARN 11168 --- [restartedMain] ConfigServletWebServerApplicationContext : Exception encountered during context initialization - cancelling refresh attempt: org.springframework.context.ApplicationContextException: Failed to start bean 'webServerStartStop'; nested exception is org.springframework.boot.web.server.PortInUseException: Port 8080 is already in use
2021-05-22 21:56:54.959 ERROR 11168 --- [restartedMain] o.s.b.d.LoggingFailureAnalysisReporter   : 

***************************
APPLICATION FAILED TO START
***************************

Description:

Web server failed to start. Port 8080 was already in use.

Action:

Identify and stop the process that's listening on port 8080 or configure this application to listen on another port.

2021-05-22 21:57:28.939  INFO 3408 --- [restartedMain] c.e.e.EmployeeApplication                : Starting EmployeeApplication using Java 15.0.2 on DESKTOP-PSPH0JU with PID 3408 (E:\backup 11.05.21\desktop\new\Program_tester\SpringWorkspace\EmployeeApplication\target\classes started by Dell in E:\backup 11.05.21\desktop\new\Program_tester\SpringWorkspace\EmployeeApplication)
2021-05-22 21:57:28.942 DEBUG 3408 --- [restartedMain] c.e.e.EmployeeApplication                : Running with Spring Boot v2.4.5, Spring v5.3.6
2021-05-22 21:57:28.943  INFO 3408 --- [restartedMain] c.e.e.EmployeeApplication                : The following profiles are active: dev
2021-05-22 21:57:31.033  INFO 3408 --- [restartedMain] c.e.e.EmployeeApplication                : Started EmployeeApplication in 2.588 seconds (JVM running for 3.777)
2021-05-22 21:57:31.037  INFO 3408 --- [restartedMain] c.e.e.EmployeeApplication                : Employee Payroll App Started in DEV Environment
2021-05-22 21:57:31.040  INFO 3408 --- [restartedMain] c.e.e.EmployeeApplication                : Employee Payroll App Database User is payrolluser
2021-05-22 22:01:42.105  INFO 8880 --- [restartedMain] c.e.e.EmployeeApplication                : Starting EmployeeApplication using Java 15.0.3 on DESKTOP-PSPH0JU with PID 8880 (E:\backup 11.05.21\desktop\new\Program_tester\SpringWorkspace\EmployeeApplication\target\classes started by Dell in E:\backup 11.05.21\desktop\new\Program_tester\SpringWorkspace\EmployeeApplication)
2021-05-22 22:01:42.109 DEBUG 8880 --- [restartedMain] c.e.e.EmployeeApplication                : Running with Spring Boot v2.4.5, Spring v5.3.6
2021-05-22 22:01:42.109  INFO 8880 --- [restartedMain] c.e.e.EmployeeApplication                : The following profiles are active: dev
2021-05-22 22:01:44.013  INFO 8880 --- [restartedMain] c.e.e.EmployeeApplication                : Started EmployeeApplication in 2.539 seconds (JVM running for 3.851)
2021-05-22 22:01:44.017  INFO 8880 --- [restartedMain] c.e.e.EmployeeApplication                : Employee Payroll App Started in DEV Environment
2021-05-22 22:01:44.019  INFO 8880 --- [restartedMain] c.e.e.EmployeeApplication                : Employee Payroll App Database User is payrolluser
2021-05-22 22:07:59.587  INFO 4932 --- [restartedMain] c.e.e.EmployeeApplication                : Starting EmployeeApplication using Java 15.0.3 on DESKTOP-PSPH0JU with PID 4932 (E:\backup 11.05.21\desktop\new\Program_tester\SpringWorkspace\EmployeeApplication\target\classes started by Dell in E:\backup 11.05.21\desktop\new\Program_tester\SpringWorkspace\EmployeeApplication)
2021-05-22 22:07:59.590 DEBUG 4932 --- [restartedMain] c.e.e.EmployeeApplication                : Running with Spring Boot v2.4.5, Spring v5.3.6
2021-05-22 22:07:59.591  INFO 4932 --- [restartedMain] c.e.e.EmployeeApplication                : The following profiles are active: dev
2021-05-22 22:08:01.424  INFO 4932 --- [restartedMain] c.e.e.EmployeeApplication                : Started EmployeeApplication in 2.377 seconds (JVM running for 3.65)
2021-05-22 22:08:01.428  INFO 4932 --- [restartedMain] c.e.e.EmployeeApplication                : Employee Payroll App Started in DEV Environment
2021-05-22 22:08:01.429  INFO 4932 --- [restartedMain] c.e.e.EmployeeApplication                : Employee Payroll App Database User is payrolluser
2021-05-22 22:30:38.745  INFO 6856 --- [restartedMain] c.e.e.EmployeeApplication                : Starting EmployeeApplication using Java 15.0.3 on DESKTOP-PSPH0JU with PID 6856 (E:\backup 11.05.21\desktop\new\Program_tester\SpringWorkspace\EmployeeApplication\target\classes started by Dell in E:\backup 11.05.21\desktop\new\Program_tester\SpringWorkspace\EmployeeApplication)
2021-05-22 22:30:38.749 DEBUG 6856 --- [restartedMain] c.e.e.EmployeeApplication                : Running with Spring Boot v2.4.5, Spring v5.3.6
2021-05-22 22:30:38.749  INFO 6856 --- [restartedMain] c.e.e.EmployeeApplication                : The following profiles are active: dev
2021-05-22 22:30:40.468  INFO 6856 --- [restartedMain] c.e.e.EmployeeApplication                : Started EmployeeApplication in 2.354 seconds (JVM running for 3.56)
2021-05-22 22:30:40.472  INFO 6856 --- [restartedMain] c.e.e.EmployeeApplication                : Employee Payroll App Started in DEV Environment
2021-05-22 22:30:40.473  INFO 6856 --- [restartedMain] c.e.e.EmployeeApplication                : Employee Payroll App Database User is root
